2014-08-20 00:02:47.47,$W5M5A,140819,235025,960a003644c08bc4,11,20.00,440.00,99.2,3,0,24.7,25.75,-11.2,22.69,2,0,0,0.0,0,0,9,0,5,0,1,5,11,10,0,0,closed - active,,open - high temperature,0.0,open - low pressure,100,0,226.7,226.7*4B
2014-08-20 00:02:47.48,$W5M5A,140819,235020,960a003644c08bc4,4,25.91,25.89,-13302.6,-550.3*66
2014-08-20 00:02:47.51,$W5M5A,140819,235034,960a003644c08bc4,14,-108.0,-50.1,-2389.9,-52.0,-48.0,-1268.8*67
2014-08-20 00:02:47.53,$W5M5A,140819,235032,960a003644c08bc4,13,-7.6,-5.4,-475.7,-109.6,-92.4,-2538.8*58
2014-08-20 00:02:47.56,$W5M5A,140819,235030,960a003644c08bc4,12,-53.1,-49.6,-1360.0,-1.7,-1.0,-38.1*5A
2014-08-20 00:02:47.58,$W5M5A,140819,235225,960a003644c08bc4,11,20.00,440.00,99.2,3,0,24.6,25.75,-11.5,22.69,2,0,0,0.0,0,0,9,0,5,0,1,5,11,10,0,0,closed - active,,open - high temperature,0.0,open - low pressure,100,0,226.7,226.7*4F
2014-08-20 00:02:47.59,$W5M5A,140819,235036,960a003644c08bc4,15,-242.1,-238.6,-5808.0,,,0.3*4F
2014-08-20 00:02:47.59,$W5M5A,140819,235015,960a003644c08bc4,3,12.39,12.56,32.26,34.99,1408487099,1408487100,116,72,7,55,52,206,13,1,0,4233,13963,AW=2.62 MW=296ms C1=127648 C2=19 C3=8 C4=0 FE=0 LE=0,1,0,0,80000,AW=8.13 MW=57ms C1=8 C2=0 C3=0 C4=0 FE=0 LE=0,38,0,0,0,1266.96*4B
2014-08-20 00:02:47.61,$W5M5A,140819,235038,960a003644c08bc4,16,22.9,24.4,224.7,46.4,0,32.0,1*5F
2014-08-20 00:02:47.62,$W5M5A,140819,235125,960a003644c08bc4,11,20.00,440.00,99.2,3,0,24.7,25.75,-11.2,22.69,2,0,0,0.0,0,0,9,0,5,0,1,5,11,10,0,0,closed - active,,open - high temperature,0.0,open - low pressure,100,0,226.7,226.7*4A
2014-08-20 00:02:47.62,$W5M5A,140819,235325,960a003644c08bc4,11,20.00,440.00,99.2,3,0,24.6,25.75,-11.3,22.69,2,0,0,0.0,0,0,9,0,5,0,1,5,11,10,0,0,closed - active,,open - high temperature,0.0,open - low pressure,100,0,226.7,226.7*48
2014-08-20 00:02:47.62,$W5M5A,140819,235425,960a003644c08bc4,11,20.00,440.00,99.2,3,0,24.6,25.75,-11.4,22.69,2,0,0,0.0,0,0,9,0,5,0,1,5,11,10,0,0,closed - active,,open - high temperature,0.0,open - low pressure,100,0,226.7,226.7*48
2014-08-20 00:02:47.64,$W5M5A,140819,235525,960a003644c08bc4,11,20.00,440.00,99.2,3,0,24.6,25.75,-11.3,22.69,2,0,0,0.0,0,0,9,0,5,0,1,5,11,10,0,0,closed - active,,open - high temperature,0.0,open - low pressure,100,0,226.7,226.7*4E
2014-08-20 00:02:47.66,$W5M5A,140819,235825,960a003644c08bc4,11,24.60,440.00,99.1,4,0,24.7,26.28,19.0,22.69,2,0,0,0.0,0,0,9,0,5,0,1,5,11,10,0,0,closed - active,,open - high temperature,0.0,open - low pressure,100,0,226.7,226.7*69
2014-08-20 00:02:47.66,$W5M5A,140819,235725,960a003644c08bc4,11,24.60,440.00,99.1,4,0,24.6,26.10,18.6,22.69,2,0,0,0.0,0,0,9,0,5,0,1,5,11,10,0,0,closed - active,,open - high temperature,0.0,open - low pressure,100,0,226.7,226.7*6B
2014-08-20 00:02:47.67,$W5M5A,140820,000010,960a003644c08bc4,2,1.5,1.5,1.6,1.8,2.0,2.1,44.5,52.8,56.6,54.9,60.5,80.2,1.8,2.1,2.5,2.5,2.5,2.7,0.3,0.1,0.0,0.0,0.1,0.9,0.3,0.4,0.5,0.5,0.4,0.3,600,0,0,-31980,10,0,0,600,600,600,600,600,600,55.0,65.0,81.0,100.0,120.0,150.0*58
2014-08-20 00:02:47.67,$W5M5A,140819,235625,960a003644c08bc4,11,24.60,440.00,99.1,4,0,24.6,25.98,18.9,22.69,2,0,0,0.0,0,0,9,0,5,0,1,5,11,10,0,0,closed - active,,open - high temperature,0.0,open - low pressure,100,0,226.7,226.7*66
2014-08-20 00:02:47.69,$W5M5A,140819,235925,960a003644c08bc4,11,24.60,440.00,99.1,4,0,24.7,26.42,18.7,22.69,2,0,0,0.0,0,0,9,0,5,0,1,5,11,10,0,0,closed - active,,open - high temperature,0.0,open - low pressure,100,0,226.7,226.7*62
2014-08-20 00:02:47.69,$W5M5A,140820,000005,960a003644c08bc4,1,4839.2690N,12324.9480W,1006.36,22.2,63.1,14.9,1.1,2.4,46,0.7,1.8,-23.2325,-0.96847,-1.68475,3.5,3.5,3.5,3.5*7F
2014-08-20 00:02:47.72,$W5M5A,140820,000015,960a003644c08bc4,3,12.37,12.57,32.26,34.99,1408487099,1408487100,116,72,12,147,52,207,13,1,0,7370,13962,AW=2.64 MW=296ms C1=132049 C2=19 C3=10 C4=0 FE=0 LE=0,1,0,0,80000,AW=8.13 MW=57ms C1=8 C2=0 C3=0 C4=0 FE=0 LE=0,38,0,0,0,1266.44*7A
2014-08-20 00:02:47.73,$W5M5A,140820,000020,960a003644c08bc4,4,26.11,25.88,-13347.9,-538.6*67
2014-08-20 00:02:47.73,$W5M5A,140820,000030,960a003644c08bc4,12,-53.2,-44.9,-1358.9,-1.6,0.0,-37.9*7D
2014-08-20 00:02:47.75,$W5M5A,140820,000025,960a003644c08bc4,11,24.60,440.00,99.1,4,0,24.8,26.54,18.3,22.69,2,0,0,0.0,0,0,9,0,5,0,1,5,11,10,0,0,closed - active,,open - high temperature,0.0,open - low pressure,100,0,226.7,226.7*69
2014-08-20 00:02:47.76,$W5M5A,140820,000034,960a003644c08bc4,14,-100.5,-43.0,-2408.8,-51.6,-42.7,-1269.6*6F
2014-08-20 00:02:47.78,$W5M5A,140820,000032,960a003644c08bc4,13,-9.7,-6.1,-500.0,-102.9,-79.2,-2540.5*5E
2014-08-20 00:02:47.78,$W5M5A,140820,000036,960a003644c08bc4,15,-242.4,-237.2,-5807.9,,,0.3*49
2014-08-20 00:02:47.80,$W5M5A,140820,000038,960a003644c08bc4,16,20.5,22.5,200.2,46.2,0,32.0,1*5D
2014-08-20 00:02:47.81,$W5M5A,140820,000125,960a003644c08bc4,11,24.60,440.00,99.1,4,0,24.8,26.60,18.3,22.69,2,0,0,0.0,0,0,9,0,5,0,1,5,11,10,0,0,closed - active,,open - high temperature,0.0,open - low pressure,100,0,226.7,226.7*6F
2014-08-20 00:02:47.83,$W5M5A,140819,225010,960a003644c08bc4,2,3.2,3.3,3.5,3.7,3.6,3.1,51.4,51.1,48.8,47.4,47.7,42.7,4.4,4.6,4.9,4.9,4.4,3.6,0.2,0.0,-0.1,-0.1,0.0,0.9,0.5,0.6,0.7,0.6,0.4,0.2,600,0,0,-31980,10,0,0,600,600,600,600,600,600,55.0,65.0,81.0,100.0,120.0,150.0*5B
2014-08-20 00:12:38.07,$W5M5A,140820,000020,960a003644c08bc4,4,26.11,25.88,-13347.9,-538.6*67
2014-08-20 00:12:38.08,$W5M5A,140820,000025,960a003644c08bc4,11,24.60,440.00,99.1,4,0,24.8,26.54,18.3,22.69,2,0,0,0.0,0,0,9,0,5,0,1,5,11,10,0,0,closed - active,,open - high temperature,0.0,open - low pressure,100,0,226.7,226.7*69
2014-08-20 00:12:38.12,$W5M5A,140820,000030,960a003644c08bc4,12,-53.2,-44.9,-1358.9,-1.6,0.0,-37.9*7D
2014-08-20 00:12:38.13,$W5M5A,140820,000034,960a003644c08bc4,14,-100.5,-43.0,-2408.8,-51.6,-42.7,-1269.6*6F
2014-08-20 00:12:38.15,$W5M5A,140820,000032,960a003644c08bc4,13,-9.7,-6.1,-500.0,-102.9,-79.2,-2540.5*5E
2014-08-20 00:12:38.18,$W5M5A,140820,000015,960a003644c08bc4,3,12.37,12.57,32.26,34.99,1408487099,1408487100,116,72,12,147,52,207,13,1,0,7370,13962,AW=2.64 MW=296ms C1=132049 C2=19 C3=10 C4=0 FE=0 LE=0,1,0,0,80000,AW=8.13 MW=57ms C1=8 C2=0 C3=0 C4=0 FE=0 LE=0,38,0,0,0,1266.44*7A
2014-08-20 00:12:38.18,$W5M5A,140820,000038,960a003644c08bc4,16,20.5,22.5,200.2,46.2,0,32.0,1*5D
2014-08-20 00:12:38.22,$W5M5A,140820,000036,960a003644c08bc4,15,-242.4,-237.2,-5807.9,,,0.3*49
2014-08-20 00:12:38.26,$W5M5A,140820,000125,960a003644c08bc4,11,24.60,440.00,99.1,4,0,24.8,26.60,18.3,22.69,2,0,0,0.0,0,0,9,0,5,0,1,5,11,10,0,0,closed - active,,open - high temperature,0.0,open - low pressure,100,0,226.7,226.7*6F
2014-08-20 00:12:38.27,$W5M5A,140820,000500,960a003644c08bc4,5,0,0,28.6,243.5,76.9,13.8,0,8.9,0,18.1,8.6,29.2,0,120*52
2014-08-20 00:12:38.29,$W5M5A,140820,000425,960a003644c08bc4,11,24.60,440.00,99.2,4,0,25.0,26.86,18.4,22.69,2,0,0,0.0,0,0,9,0,5,0,1,5,11,10,0,0,closed - active,,open - high temperature,0.0,open - low pressure,100,0,226.7,226.7*6F
2014-08-20 00:12:38.30,$W5M5A,140820,000325,960a003644c08bc4,11,24.60,440.00,99.2,4,0,24.9,26.78,18.3,22.69,2,0,0,0.0,0,0,9,0,5,0,1,5,11,10,0,0,closed - active,,open - high temperature,0.0,open - low pressure,100,0,226.7,226.7*66
2014-08-20 00:12:38.33,$W5M5A,140820,000525,960a003644c08bc4,11,24.60,440.00,99.2,4,0,25.1,26.93,18.1,22.69,2,0,0,0.0,0,0,9,0,5,0,1,5,11,10,0,0,closed - active,,open - high temperature,0.0,open - low pressure,100,0,226.7,226.7*6E
2014-08-20 00:12:38.35,$W5M5A,140820,000225,960a003644c08bc4,11,24.60,440.00,99.2,4,0,24.9,26.70,18.6,22.69,2,0,0,0.0,0,0,9,0,5,0,1,5,11,10,0,0,closed - active,,open - high temperature,0.0,open - low pressure,100,0,226.7,226.7*6A
2014-08-20 00:12:38.36,$W5M5A,140820,000725,960a003644c08bc4,11,24.60,440.00,99.2,4,0,25.1,27.02,18.7,22.69,2,0,0,0.0,0,0,9,0,5,0,1,5,11,10,0,0,closed - active,,open - high temperature,0.0,open - low pressure,100,0,226.7,226.7*63
2014-08-20 00:12:38.38,$W5M5A,140820,000825,960a003644c08bc4,11,24.60,440.00,99.2,4,0,25.2,27.07,18.6,22.69,2,0,0,0.0,0,0,9,0,5,0,1,5,11,10,0,0,closed - active,,open - high temperature,0.0,open - low pressure,100,0,226.7,226.7*6B
2014-08-20 00:12:38.38,$W5M5A,140820,001005,960a003644c08bc4,1,4839.2680N,12324.9430W,1006.31,22.5,62.6,15.0,0.9,2.0,57,0.5,1.4,-23.03848,-0.955703,-1.61352,3.5,3.5,3.5,3.5*7A
2014-08-20 00:12:38.40,$W5M5A,140820,000925,960a003644c08bc4,11,24.60,440.00,99.3,4,0,25.2,27.09,18.8,22.69,2,0,0,0.0,0,0,9,0,5,0,1,5,11,10,0,0,closed - active,,open - high temperature,0.0,open - low pressure,100,0,226.7,226.7*6B
2014-08-20 00:12:38.40,$W5M5A,140820,001010,960a003644c08bc4,2,1.6,1.6,1.6,1.7,2.0,1.9,46.6,55.7,57.8,59.6,68.6,60.4,2.3,2.4,2.3,2.3,2.7,2.6,0.1,-0.2,-0.4,-0.4,-0.2,0.7,0.3,0.4,0.3,0.3,0.3,0.3,601,17,0,-31980,10,0,0,584,584,584,584,584,584,55.0,65.0,81.0,100.0,120.0,150.0*68
2014-08-20 00:12:38.41,$W5M5A,140820,000625,960a003644c08bc4,11,24.60,440.00,99.2,4,0,25.1,26.97,18.3,22.69,2,0,0,0.0,0,0,9,0,5,0,1,5,11,10,0,0,closed - active,,open - high temperature,0.0,open - low pressure,100,0,226.7,226.7*6B
2014-08-20 00:12:38.43,$W5M5A,140820,001015,960a003644c08bc4,3,12.37,12.57,32.65,34.99,1408487099,1408487100,116,72,2,1,52,206,13,1,0,7370,13962,AW=2.67 MW=296ms C1=136327 C2=22 C3=12 C4=0 FE=0 LE=0,1,0,0,80000,AW=8.13 MW=57ms C1=8 C2=0 C3=0 C4=0 FE=0 LE=0,48,0,0,0,1266.68*40
2014-08-20 00:12:38.46,$W5M5A,140820,001025,960a003644c08bc4,11,24.60,440.00,99.3,4,0,25.2,27.13,18.4,22.69,2,0,0,0.0,0,0,9,0,5,0,1,5,11,10,0,0,closed - active,,open - high temperature,0.0,open - low pressure,100,0,226.7,226.7*64
2014-08-20 00:12:38.46,$W5M5A,140820,001020,960a003644c08bc4,4,27.03,26.66,-13347.9,-555.0*6A
2014-08-20 00:12:38.46,$W5M5A,140820,001030,960a003644c08bc4,12,-55.5,-46.3,-1358.9,-1.9,-0.1,-37.9*56
2014-08-20 00:12:38.47,$W5M5A,140820,001032,960a003644c08bc4,13,-13.8,-8.7,-500.0,-109.1,-85.3,-2540.5*62
2014-08-20 00:12:38.47,$W5M5A,140820,001036,960a003644c08bc4,15,-245.2,-238.4,-5807.9,,,0.3*40
2014-08-20 00:12:38.47,$W5M5A,140820,001034,960a003644c08bc4,14,-99.9,-47.4,-2408.8,-53.3,-41.0,-1269.6*50
2014-08-20 00:12:38.49,$W5M5A,140820,001038,960a003644c08bc4,16,17.6,18.8,200.2,45.8,0,32.0,1*56
2014-08-20 00:12:38.51,$W5M5A,140820,001125,960a003644c08bc4,11,24.60,440.00,99.3,4,0,25.2,27.16,18.8,22.69,2,0,0,0.0,0,0,9,0,5,0,1,5,11,10,0,0,closed - active,,open - high temperature,0.0,open - low pressure,100,0,226.7,226.7*6C
2014-08-20 00:12:48.07,$W5M5A,140819,230010,960a003644c08bc4,2,3.0,3.1,3.2,3.2,3.0,3.0,44.2,46.4,47.4,48.2,50.5,37.0,3.9,4.0,4.1,3.9,3.7,3.2,0.1,-0.1,-0.2,-0.2,-0.1,0.8,0.4,0.3,0.3,0.3,0.3,0.1,600,0,0,-31980,10,0,0,600,600,600,600,600,600,55.0,65.0,81.0,100.0,120.0,150.0*50
2014-08-20 00:22:38.67,$W5M5A,140820,001020,960a003644c08bc4,4,27.03,26.66,-13347.9,-555.0*6A
2014-08-20 00:22:38.69,$W5M5A,140820,001030,960a003644c08bc4,12,-55.5,-46.3,-1358.9,-1.9,-0.1,-37.9*56
2014-08-20 00:22:38.72,$W5M5A,140820,001025,960a003644c08bc4,11,24.60,440.00,99.3,4,0,25.2,27.13,18.4,22.69,2,0,0,0.0,0,0,9,0,5,0,1,5,11,10,0,0,closed - active,,open - high temperature,0.0,open - low pressure,100,0,226.7,226.7*64
2014-08-20 00:22:38.75,$W5M5A,140820,001034,960a003644c08bc4,14,-99.9,-47.4,-2408.8,-53.3,-41.0,-1269.6*50
2014-08-20 00:22:38.78,$W5M5A,140820,001032,960a003644c08bc4,13,-13.8,-8.7,-500.0,-109.1,-85.3,-2540.5*62
2014-08-20 00:22:38.78,$W5M5A,140820,001036,960a003644c08bc4,15,-245.2,-238.4,-5807.9,,,0.3*40
2014-08-20 00:22:38.81,$W5M5A,140820,001038,960a003644c08bc4,16,17.6,18.8,200.2,45.8,0,32.0,1*56
2014-08-20 00:22:38.83,$W5M5A,140820,001015,960a003644c08bc4,3,12.37,12.57,32.65,34.99,1408487099,1408487100,116,72,2,1,52,206,13,1,0,7370,13962,AW=2.67 MW=296ms C1=136327 C2=22 C3=12 C4=0 FE=0 LE=0,1,0,0,80000,AW=8.13 MW=57ms C1=8 C2=0 C3=0 C4=0 FE=0 LE=0,48,0,0,0,1266.68*40
2014-08-20 00:22:38.86,$W5M5A,140820,001225,960a003644c08bc4,11,24.60,445.00,99.3,4,0,25.2,27.20,19.0,22.69,2,0,0,0.0,0,0,9,0,5,0,1,5,11,10,0,0,closed - active,,open - high temperature,0.0,open - low pressure,100,0,226.7,226.7*66
2014-08-20 00:22:38.87,$W5M5A,140820,001125,960a003644c08bc4,11,24.60,440.00,99.3,4,0,25.2,27.16,18.8,22.69,2,0,0,0.0,0,0,9,0,5,0,1,5,11,10,0,0,closed - active,,open - high temperature,0.0,open - low pressure,100,0,226.7,226.7*6C
2014-08-20 00:22:38.90,$W5M5A,140820,001425,960a003644c08bc4,11,24.60,445.00,99.3,4,0,25.3,27.23,18.6,22.69,2,0,0,0.0,0,0,9,0,5,0,1,5,11,10,0,0,closed - active,,open - high temperature,0.0,open - low pressure,100,0,226.7,226.7*65
2014-08-20 00:22:38.94,$W5M5A,140820,001325,960a003644c08bc4,11,24.60,445.00,99.3,4,0,25.3,27.22,17.9,22.69,2,0,0,0.0,0,0,9,0,5,0,1,5,11,10,0,0,closed - active,,open - high temperature,0.0,open - low pressure,100,0,226.7,226.7*63
2014-08-20 00:22:38.95,$W5M5A,140820,001525,960a003644c08bc4,11,24.60,445.00,99.4,4,0,25.3,27.26,18.5,22.69,2,0,0,0.0,0,0,9,0,5,0,1,5,11,10,0,0,closed - active,,open - high temperature,0.0,open - low pressure,100,0,226.7,226.7*65
2014-08-20 00:22:38.97,$W5M5A,140820,001625,960a003644c08bc4,11,24.60,445.00,99.4,4,0,25.3,27.28,18.7,22.69,2,0,0,0.0,0,0,9,0,5,0,1,5,11,10,0,0,closed - active,,open - high temperature,0.0,open - low pressure,100,0,226.7,226.7*6A
2014-08-20 00:22:39.00,$W5M5A,140820,001725,960a003644c08bc4,11,24.60,445.00,99.4,4,0,25.3,27.29,17.8,22.69,2,0,0,0.0,0,0,9,0,5,0,1,5,11,10,0,0,closed - active,,open - high temperature,0.0,open - low pressure,100,0,226.7,226.7*6A
2014-08-20 00:22:39.01,$W5M5A,140820,002005,960a003644c08bc4,1,4839.2680N,12324.9470W,1006.17,22.6,61.2,14.8,1.0,3.0,59,0.7,2.2,-23.2231,-0.996895,-1.57775,3.5,3.5,3.5,3.5*4A
2014-08-20 00:22:39.03,$W5M5A,140820,001925,960a003644c08bc4,11,24.60,445.00,99.4,4,0,25.3,27.30,18.1,22.69,2,0,0,0.0,0,0,9,0,5,0,1,5,11,10,0,0,closed - active,,open - high temperature,0.0,open - low pressure,100,0,226.7,226.7*6A
2014-08-20 00:22:39.06,$W5M5A,140820,001825,960a003644c08bc4,11,24.60,445.00,99.4,4,0,25.3,27.29,17.7,22.69,2,0,0,0.0,0,0,9,0,5,0,1,5,11,10,0,0,closed - active,,open - high temperature,0.0,open - low pressure,100,0,226.7,226.7*6A
2014-08-20 00:22:39.14,$W5M5A,140820,002015,960a003644c08bc4,3,12.39,12.59,32.65,35.39,1408487099,1408487100,116,72,12,139,52,207,13,1,0,7370,13962,AW=2.69 MW=296ms C1=140401 C2=22 C3=13 C4=0 FE=0 LE=0,1,0,0,80000,AW=8.13 MW=57ms C1=8 C2=0 C3=0 C4=0 FE=0 LE=0,48,0,0,0,1265.75*70
2014-08-20 00:22:39.14,$W5M5A,140820,002010,960a003644c08bc4,2,1.9,1.9,1.8,1.8,1.8,1.7,59.8,61.1,57.9,53.3,54.2,26.5,2.7,2.7,2.5,2.3,2.4,2.2,0.3,0.1,-0.1,-0.2,-0.1,0.5,0.4,0.4,0.4,0.3,0.3,0.2,599,1,0,-31980,10,0,0,599,599,599,599,599,599,55.0,65.0,81.0,100.0,120.0,150.0*74
2014-08-20 00:22:39.17,$W5M5A,140820,002020,960a003644c08bc4,4,27.37,27.28,-13347.9,-552.7*65
2014-08-20 00:22:39.19,$W5M5A,140820,002030,960a003644c08bc4,12,-55.4,-51.4,-1358.9,-1.8,-1.2,-37.9*56
2014-08-20 00:22:39.19,$W5M5A,140820,002025,960a003644c08bc4,11,24.60,445.00,99.4,4,0,25.4,27.32,17.6,22.69,2,0,0,0.0,0,0,9,0,5,0,1,5,11,10,0,0,closed - active,,open - high temperature,0.0,open - low pressure,100,0,226.7,226.7*6D
2014-08-20 00:22:39.20,$W5M5A,140820,002032,960a003644c08bc4,13,-20.5,-12.9,-500.0,-109.0,-98.8,-2540.5*5F
2014-08-20 00:22:39.20,$W5M5A,140820,002034,960a003644c08bc4,14,-91.1,-51.2,-2408.8,-53.0,-49.7,-1269.6*5E
2014-08-20 00:22:39.22,$W5M5A,140820,002036,960a003644c08bc4,15,-245.5,-242.1,-5807.9,,,0.3*4C
2014-08-20 00:22:39.22,$W5M5A,140820,002038,960a003644c08bc4,16,10.8,16.5,200.2,45.6,0,32.0,1*51
2014-08-20 00:22:39.23,$W5M5A,140820,002125,960a003644c08bc4,11,24.60,445.00,99.4,4,0,25.4,27.34,17.8,22.69,2,0,0,0.0,0,0,9,0,5,0,1,5,11,10,0,0,closed - active,,open - high temperature,0.0,open - low pressure,100,0,226.7,226.7*64
2014-08-20 00:22:48.75,$W5M5A,140819,231020,960a003644c08bc4,4,25.96,25.95,-13302.6,-574.1*6C
2014-08-20 00:32:39.25,$W5M5A,140820,002010,960a003644c08bc4,2,1.9,1.9,1.8,1.8,1.8,1.7,59.8,61.1,57.9,53.3,54.2,26.5,2.7,2.7,2.5,2.3,2.4,2.2,0.3,0.1,-0.1,-0.2,-0.1,0.5,0.4,0.4,0.4,0.3,0.3,0.2,599,1,0,-31980,10,0,0,599,599,599,599,599,599,55.0,65.0,81.0,100.0,120.0,150.0*74
2014-08-20 00:32:39.28,$W5M5A,140820,002020,960a003644c08bc4,4,27.37,27.28,-13347.9,-552.7*65
2014-08-20 00:32:39.30,$W5M5A,140820,002025,960a003644c08bc4,11,24.60,445.00,99.4,4,0,25.4,27.32,17.6,22.69,2,0,0,0.0,0,0,9,0,5,0,1,5,11,10,0,0,closed - active,,open - high temperature,0.0,open - low pressure,100,0,226.7,226.7*6D
2014-08-20 00:32:39.31,$W5M5A,140820,002030,960a003644c08bc4,12,-55.4,-51.4,-1358.9,-1.8,-1.2,-37.9*56
2014-08-20 00:32:39.31,$W5M5A,140820,002015,960a003644c08bc4,3,12.39,12.59,32.65,35.39,1408487099,1408487100,116,72,12,139,52,207,13,1,0,7370,13962,AW=2.69 MW=296ms C1=140401 C2=22 C3=13 C4=0 FE=0 LE=0,1,0,0,80000,AW=8.13 MW=57ms C1=8 C2=0 C3=0 C4=0 FE=0 LE=0,48,0,0,0,1265.75*70
2014-08-20 00:32:39.33,$W5M5A,140820,002034,960a003644c08bc4,14,-91.1,-51.2,-2408.8,-53.0,-49.7,-1269.6*5E
2014-08-20 00:32:39.36,$W5M5A,140820,002032,960a003644c08bc4,13,-20.5,-12.9,-500.0,-109.0,-98.8,-2540.5*5F
2014-08-20 00:32:39.38,$W5M5A,140820,002125,960a003644c08bc4,11,24.60,445.00,99.4,4,0,25.4,27.34,17.8,22.69,2,0,0,0.0,0,0,9,0,5,0,1,5,11,10,0,0,closed - active,,open - high temperature,0.0,open - low pressure,100,0,226.7,226.7*64
2014-08-20 00:32:39.41,$W5M5A,140820,002036,960a003644c08bc4,15,-245.5,-242.1,-5807.9,,,0.3*4C
2014-08-20 00:32:39.42,$W5M5A,140820,002225,960a003644c08bc4,11,24.60,445.00,99.4,4,0,25.4,27.35,18.2,22.69,2,0,0,0.0,0,0,9,0,5,0,1,5,11,10,0,0,closed - active,,open - high temperature,0.0,open - low pressure,100,0,226.7,226.7*63
2014-08-20 00:32:39.44,$W5M5A,140820,002038,960a003644c08bc4,16,10.8,16.5,200.2,45.6,0,32.0,1*51
2014-08-20 00:32:39.45,$W5M5A,140820,002425,960a003644c08bc4,11,24.60,445.00,99.5,4,0,25.4,27.37,17.5,22.69,2,0,0,0.0,0,0,9,0,5,0,1,5,11,10,0,0,closed - active,,open - high temperature,0.0,open - low pressure,100,0,226.7,226.7*6E
2014-08-20 00:32:39.47,$W5M5A,140820,002501,960a003644c08bc4,5,0,0,28.6,21.4,75.7,11.1,0,7.3,0,12.4,7.5,27.7,0,146*6D
2014-08-20 00:32:39.49,$W5M5A,140820,002325,960a003644c08bc4,11,24.60,445.00,99.5,4,0,25.4,27.37,18.4,22.69,2,0,0,0.0,0,0,9,0,5,0,1,5,11,10,0,0,closed - active,,open - high temperature,0.0,open - low pressure,100,0,226.7,226.7*67
2014-08-20 00:32:39.52,$W5M5A,140820,002525,960a003644c08bc4,11,24.60,445.00,99.5,4,0,25.4,27.38,17.7,22.69,2,0,0,0.0,0,0,9,0,5,0,1,5,11,10,0,0,closed - active,,open - high temperature,0.0,open - low pressure,100,0,226.7,226.7*62
2014-08-20 00:32:39.53,$W5M5A,140820,002625,960a003644c08bc4,11,24.60,445.00,99.5,4,0,25.4,27.39,17.6,22.69,2,0,0,0.0,0,0,9,0,5,0,1,5,11,10,0,0,closed - active,,open - high temperature,0.0,open - low pressure,100,0,226.7,226.7*61
2014-08-20 00:32:39.55,$W5M5A,140820,003005,960a003644c08bc4,1,4839.2650N,12324.9410W,1006.04,22.3,61.7,14.6,0.9,2.0,63,0.6,1.5,-23.295,-1.022457,-1.61128,3.5,3.5,3.5,3.5*7B
2014-08-20 00:32:39.56,$W5M5A,140820,002725,960a003644c08bc4,11,24.60,445.00,99.5,4,0,25.4,27.39,18.2,22.69,2,0,0,0.0,0,0,9,0,5,0,1,5,11,10,0,0,closed - active,,open - high temperature,0.0,open - low pressure,100,0,226.7,226.7*6B
2014-08-20 00:32:39.58,$W5M5A,140820,002925,960a003644c08bc4,11,24.60,450.00,99.6,4,0,25.4,27.44,18.3,22.69,2,0,0,0.0,0,0,9,0,5,0,1,5,11,10,0,0,closed - active,,open - high temperature,0.0,open - low pressure,100,0,226.7,226.7*69
2014-08-20 00:32:39.60,$W5M5A,140820,002825,960a003644c08bc4,11,24.60,445.00,99.5,4,0,25.4,27.42,18.4,22.69,2,0,0,0.0,0,0,9,0,5,0,1,5,11,10,0,0,closed - active,,open - high temperature,0.0,open - low pressure,100,0,226.7,226.7*6E
2014-08-20 00:32:39.63,$W5M5A,140820,003011,960a003644c08bc4,2,2.1,2.2,2.3,2.2,2.1,1.9,56.5,58.6,61.0,66.5,72.6,80.3,2.7,2.8,2.9,2.8,2.6,2.2,0.4,0.2,0.1,0.0,0.2,0.9,0.3,0.3,0.4,0.4,0.3,0.2,592,56,0,-31980,10,0,0,535,535,535,535,535,535,55.0,65.0,81.0,100.0,120.0,150.0*6B
2014-08-20 00:32:39.66,$W5M5A,140820,003021,960a003644c08bc4,4,27.48,27.39,-13347.9,-563.1*69
2014-08-20 00:32:39.67,$W5M5A,140820,003025,960a003644c08bc4,11,24.60,450.00,99.6,4,0,25.5,27.45,18.5,22.69,2,0,0,0.0,0,0,9,0,5,0,1,5,11,10,0,0,closed - active,,open - high temperature,0.0,open - low pressure,100,0,226.7,226.7*67
2014-08-20 00:32:39.70,$W5M5A,140820,003031,960a003644c08bc4,12,-56.2,-51.2,-1358.9,-2.0,-1.1,-37.9*5D
2014-08-20 00:32:39.74,$W5M5A,140820,003015,960a003644c08bc4,3,12.39,12.59,33.04,35.39,1408487099,1408487100,116,72,0,31,48,195,13,1,0,7370,13961,AW=2.70 MW=296ms C1=144454 C2=22 C3=14 C4=0 FE=0 LE=0,1,0,0,80000,AW=8.13 MW=57ms C1=8 C2=0 C3=0 C4=0 FE=0 LE=0,58,0,0,0,1264.76*75
2014-08-20 00:32:39.75,$W5M5A,140820,003032,960a003644c08bc4,13,-30.0,-23.3,-500.0,-112.0,-97.2,-2540.5*5D
2014-08-20 00:32:39.77,$W5M5A,140820,003034,960a003644c08bc4,14,-86.8,-49.5,-2408.8,-57.1,-49.7,-1269.6*5B
2014-08-20 00:32:39.78,$W5M5A,140820,003038,960a003644c08bc4,16,1.1,6.6,200.2,45.6,0,31.0,1*58
2014-08-20 00:32:39.81,$W5M5A,140820,003036,960a003644c08bc4,15,-245.8,-242.1,-5807.9,,,0.3*40
2014-08-20 00:32:39.81,$W5M5A,140820,003125,960a003644c08bc4,11,24.60,450.00,99.6,4,0,25.5,27.47,18.7,22.69,2,0,0,0.0,0,0,9,0,5,0,1,5,11,10,0,0,closed - active,,open - high temperature,0.0,open - low pressure,100,0,226.7,226.7*66
2014-08-20 00:32:59.23,$W5M5A,140819,232020,960a003644c08bc4,4,25.96,25.94,-13302.6,-560.5*6F
2014-08-20 00:42:39.87,$W5M5A,140820,003021,960a003644c08bc4,4,27.48,27.39,-13347.9,-563.1*69
2014-08-20 00:42:39.88,$W5M5A,140820,003031,960a003644c08bc4,12,-56.2,-51.2,-1358.9,-2.0,-1.1,-37.9*5D
2014-08-20 00:42:39.90,$W5M5A,140820,003015,960a003644c08bc4,3,12.39,12.59,33.04,35.39,1408487099,1408487100,116,72,0,31,48,195,13,1,0,7370,13961,AW=2.70 MW=296ms C1=144454 C2=22 C3=14 C4=0 FE=0 LE=0,1,0,0,80000,AW=8.13 MW=57ms C1=8 C2=0 C3=0 C4=0 FE=0 LE=0,58,0,0,0,1264.76*75
2014-08-20 00:42:39.92,$W5M5A,140820,003025,960a003644c08bc4,11,24.60,450.00,99.6,4,0,25.5,27.45,18.5,22.69,2,0,0,0.0,0,0,9,0,5,0,1,5,11,10,0,0,closed - active,,open - high temperature,0.0,open - low pressure,100,0,226.7,226.7*67
2014-08-20 00:42:39.92,$W5M5A,140820,003032,960a003644c08bc4,13,-30.0,-23.3,-500.0,-112.0,-97.2,-2540.5*5D
2014-08-20 00:42:39.93,$W5M5A,140820,003034,960a003644c08bc4,14,-86.8,-49.5,-2408.8,-57.1,-49.7,-1269.6*5B
2014-08-20 00:42:49.84,$W5M5A,140820,003036,960a003644c08bc4,15,-245.8,-242.1,-5807.9,,,0.3*40
2014-08-20 00:42:49.85,$W5M5A,140820,003038,960a003644c08bc4,16,1.1,6.6,200.2,45.6,0,31.0,1*58
2014-08-20 00:42:49.88,$W5M5A,140820,003125,960a003644c08bc4,11,24.60,450.00,99.6,4,0,25.5,27.47,18.7,22.69,2,0,0,0.0,0,0,9,0,5,0,1,5,11,10,0,0,closed - active,,open - high temperature,0.0,open - low pressure,100,0,226.7,226.7*66
2014-08-20 00:42:49.90,$W5M5A,140820,003225,960a003644c08bc4,11,24.60,450.00,99.6,4,0,25.5,27.47,18.3,22.69,2,0,0,0.0,0,0,9,0,5,0,1,5,11,10,0,0,closed - active,,open - high temperature,0.0,open - low pressure,100,0,226.7,226.7*61
2014-08-20 00:42:49.93,$W5M5A,140820,003525,960a003644c08bc4,11,24.60,450.00,99.6,4,0,25.5,27.52,18.6,22.69,2,0,0,0.0,0,0,9,0,5,0,1,5,11,10,0,0,closed - active,,open - high temperature,0.0,open - low pressure,100,0,226.7,226.7*67
2014-08-20 00:42:49.95,$W5M5A,140820,003325,960a003644c08bc4,11,24.60,450.00,99.6,4,0,25.5,27.49,18.5,22.69,2,0,0,0.0,0,0,9,0,5,0,1,5,11,10,0,0,closed - active,,open - high temperature,0.0,open - low pressure,100,0,226.7,226.7*68
2014-08-20 00:42:49.98,$W5M5A,140820,003425,960a003644c08bc4,11,24.60,450.00,99.6,4,0,25.5,27.51,18.1,22.69,2,0,0,0.0,0,0,9,0,5,0,1,5,11,10,0,0,closed - active,,open - high temperature,0.0,open - low pressure,100,0,226.7,226.7*62
2014-08-20 00:42:49.99,$W5M5A,140820,003725,960a003644c08bc4,11,24.60,450.00,99.7,4,0,25.5,27.54,18.3,22.69,2,0,0,0.0,0,0,9,0,5,0,1,5,11,10,0,0,closed - active,,open - high temperature,0.0,open - low pressure,100,0,226.7,226.7*67
2014-08-20 00:42:49.99,$W5M5A,140820,003625,960a003644c08bc4,11,24.60,450.00,99.7,4,0,25.5,27.52,18.2,22.69,2,0,0,0.0,0,0,9,0,5,0,1,5,11,10,0,0,closed - active,,open - high temperature,0.0,open - low pressure,100,0,226.7,226.7*61
2014-08-20 00:42:50.01,$W5M5A,140820,003825,960a003644c08bc4,11,24.60,450.00,99.7,4,0,25.5,27.56,18.6,22.69,2,0,0,0.0,0,0,9,0,5,0,1,5,11,10,0,0,closed - active,,open - high temperature,0.0,open - low pressure,100,0,226.7,226.7*6F
2014-08-20 00:42:50.01,$W5M5A,140820,003925,960a003644c08bc4,11,24.60,450.00,99.7,4,0,25.5,27.57,18.4,22.69,2,0,0,0.0,0,0,9,0,5,0,1,5,11,10,0,0,closed - active,,open - high temperature,0.0,open - low pressure,100,0,226.7,226.7*6D
2014-08-20 00:42:50.02,$W5M5A,140820,004005,960a003644c08bc4,1,4839.2630N,12324.9410W,1006.00,22.0,62.0,14.4,0.9,2.0,111,0.6,1.4,-23.3696,-1.037011,-1.63657,3.5,3.5,3.5,3.5*75
2014-08-20 00:42:50.04,$W5M5A,140820,004010,960a003644c08bc4,2,2.2,2.2,2.2,2.3,2.3,2.2,66.8,67.4,66.1,67.0,71.4,77.4,2.4,2.4,2.5,2.7,2.6,2.6,0.2,0.0,-0.1,-0.2,0.0,0.8,0.2,0.2,0.2,0.3,0.2,0.2,596,15,0,-31980,10,0,0,581,581,581,581,581,581,55.0,65.0,81.0,100.0,120.0,150.0*66
2014-08-20 00:42:50.05,$W5M5A,140820,004020,960a003644c08bc4,4,27.62,27.55,-13347.9,-557.0*6B
2014-08-20 00:42:50.05,$W5M5A,140820,004030,960a003644c08bc4,12,-55.3,-51.2,-1358.9,-1.8,-1.1,-37.9*52
2014-08-20 00:42:50.07,$W5M5A,140820,004025,960a003644c08bc4,11,24.60,450.00,99.7,4,0,25.5,27.59,18.6,22.69,2,0,0,0.0,0,0,9,0,5,0,1,5,11,10,0,0,closed - active,,open - high temperature,0.0,open - low pressure,100,0,226.7,226.7*6F
2014-08-20 00:42:50.09,$W5M5A,140820,004015,960a003644c08bc4,3,12.42,12.61,33.04,35.78,1408487099,1408487100,116,72,0,31,52,205,13,1,0,7370,13961,AW=2.72 MW=296ms C1=148532 C2=24 C3=15 C4=0 FE=0 LE=0,1,0,0,80000,AW=8.13 MW=57ms C1=8 C2=0 C3=0 C4=0 FE=0 LE=0,58,0,0,0,*57
2014-08-20 00:42:50.10,$W5M5A,140820,004034,960a003644c08bc4,14,-86.0,-49.7,-2408.8,-58.5,-49.9,-1269.6*53
2014-08-20 00:42:50.10,$W5M5A,140820,004032,960a003644c08bc4,13,-30.2,-27.9,-500.0,-109.1,-97.4,-2540.5*5B
2014-08-20 00:42:50.12,$W5M5A,140820,004225,960a003644c08bc4,11,24.60,450.00,99.8,4,0,25.6,27.63,18.6,22.69,2,0,0,0.0,0,0,9,0,5,0,1,5,11,10,0,0,closed - active,,open - high temperature,0.0,open - low pressure,100,0,226.7,226.7*68
2014-08-20 00:42:50.13,$W5M5A,140820,004125,960a003644c08bc4,11,24.60,450.00,99.7,4,0,25.5,27.60,18.2,22.69,2,0,0,0.0,0,0,9,0,5,0,1,5,11,10,0,0,closed - active,,open - high temperature,0.0,open - low pressure,100,0,226.7,226.7*60
2014-08-20 00:42:50.13,$W5M5A,140820,004036,960a003644c08bc4,15,-245.3,-242.0,-5807.9,,,0.3*4D
2014-08-20 00:42:50.13,$W5M5A,140820,004038,960a003644c08bc4,16,0.4,0.5,200.2,45.6,0,31.0,1*5E
2014-08-20 00:42:50.15,$W5M5A,140819,233010,960a003644c08bc4,2,2.7,2.8,2.8,2.8,2.8,2.3,44.4,46.1,49.6,53.1,56.0,69.8,3.6,3.8,4.1,3.9,3.7,2.7,0.5,0.3,0.2,0.2,0.3,1.0,0.4,0.5,0.6,0.6,0.5,0.2,600,0,0,-31980,10,0,0,600,600,600,600,600,600,55.0,65.0,81.0,100.0,120.0,150.0*5A
2014-08-20 00:52:40.41,$W5M5A,140820,004020,960a003644c08bc4,4,27.62,27.55,-13347.9,-557.0*6B
2014-08-20 00:52:40.43,$W5M5A,140820,004025,960a003644c08bc4,11,24.60,450.00,99.7,4,0,25.5,27.59,18.6,22.69,2,0,0,0.0,0,0,9,0,5,0,1,5,11,10,0,0,closed - active,,open - high temperature,0.0,open - low pressure,100,0,226.7,226.7*6F
2014-08-20 00:52:40.46,$W5M5A,140820,004030,960a003644c08bc4,12,-55.3,-51.2,-1358.9,-1.8,-1.1,-37.9*52
2014-08-20 00:52:40.51,$W5M5A,140820,004032,960a003644c08bc4,13,-30.2,-27.9,-500.0,-109.1,-97.4,-2540.5*5B
2014-08-20 00:52:40.52,$W5M5A,140820,004015,960a003644c08bc4,3,12.42,12.61,33.04,35.78,1408487099,1408487100,116,72,0,31,52,205,13,1,0,7370,13961,AW=2.72 MW=296ms C1=148532 C2=24 C3=15 C4=0 FE=0 LE=0,1,0,0,80000,AW=8.13 MW=57ms C1=8 C2=0 C3=0 C4=0 FE=0 LE=0,58,0,0,0,*57
2014-08-20 00:52:40.56,$W5M5A,140820,004036,960a003644c08bc4,15,-245.3,-242.0,-5807.9,,,0.3*4D
2014-08-20 00:52:40.59,$W5M5A,140820,004034,960a003644c08bc4,14,-86.0,-49.7,-2408.8,-58.5,-49.9,-1269.6*53
2014-08-20 00:52:40.60,$W5M5A,140820,004038,960a003644c08bc4,16,0.4,0.5,200.2,45.6,0,31.0,1*5E
2014-08-20 00:52:40.60,$W5M5A,140820,004225,960a003644c08bc4,11,24.60,450.00,99.8,4,0,25.6,27.63,18.6,22.69,2,0,0,0.0,0,0,9,0,5,0,1,5,11,10,0,0,closed - active,,open - high temperature,0.0,open - low pressure,100,0,226.7,226.7*68
2014-08-20 00:52:40.60,$W5M5A,140820,004500,960a003644c08bc4,5,0,0,28.6,252.7,72.8,11.6,0,8,0,15.2,7.9,28.6,0,135*45
2014-08-20 00:52:40.62,$W5M5A,140820,004125,960a003644c08bc4,11,24.60,450.00,99.7,4,0,25.5,27.60,18.2,22.69,2,0,0,0.0,0,0,9,0,5,0,1,5,11,10,0,0,closed - active,,open - high temperature,0.0,open - low pressure,100,0,226.7,226.7*60
2014-08-20 00:52:40.62,$W5M5A,140820,004325,960a003644c08bc4,11,24.60,450.00,99.8,4,0,25.6,27.65,18.5,22.69,2,0,0,0.0,0,0,9,0,5,0,1,5,11,10,0,0,closed - active,,open - high temperature,0.0,open - low pressure,100,0,226.7,226.7*6C
2014-08-20 00:52:40.62,$W5M5A,140820,004425,960a003644c08bc4,11,24.60,450.00,99.8,4,0,25.6,27.66,18.5,22.69,2,0,0,0.0,0,0,9,0,5,0,1,5,11,10,0,0,closed - active,,open - high temperature,0.0,open - low pressure,100,0,226.7,226.7*68
2014-08-20 00:52:40.65,$W5M5A,140820,004625,960a003644c08bc4,11,24.60,455.00,99.8,4,0,25.6,27.70,18.7,22.69,2,0,0,0.0,0,0,9,0,5,0,1,5,11,10,0,0,closed - active,,open - high temperature,0.0,open - low pressure,100,0,226.7,226.7*6A
2014-08-20 00:52:40.66,$W5M5A,140820,004525,960a003644c08bc4,11,24.60,455.00,99.8,4,0,25.6,27.67,18.5,22.69,2,0,0,0.0,0,0,9,0,5,0,1,5,11,10,0,0,closed - active,,open - high temperature,0.0,open - low pressure,100,0,226.7,226.7*6D
2014-08-20 00:52:40.66,$W5M5A,140820,004825,960a003644c08bc4,11,24.60,455.00,99.8,4,0,25.6,27.74,18.5,22.69,2,0,0,0.0,0,0,9,0,5,0,1,5,11,10,0,0,closed - active,,open - high temperature,0.0,open - low pressure,100,0,226.7,226.7*62
2014-08-20 00:52:40.68,$W5M5A,140820,005005,960a003644c08bc4,1,4839.2680N,12324.9450W,1006.15,21.4,63.4,14.2,0.7,1.9,133,0.5,1.3,-23.4537,-0.996974,-1.74836,3.5,3.5,3.5,3.5*72
2014-08-20 00:52:40.68,$W5M5A,140820,004725,960a003644c08bc4,11,24.60,455.00,99.8,4,0,25.6,27.73,18.4,22.69,2,0,0,0.0,0,0,9,0,5,0,1,5,11,10,0,0,closed - active,,open - high temperature,0.0,open - low pressure,100,0,226.7,226.7*6B
2014-08-20 00:52:40.70,$W5M5A,140820,005010,960a003644c08bc4,2,1.8,1.9,2.0,2.1,2.2,2.0,56.2,61.8,67.4,75.0,81.0,82.2,2.2,2.2,2.3,2.6,2.6,2.3,0.3,0.1,0.0,0.0,0.1,0.8,0.2,0.2,0.2,0.2,0.2,0.3,600,1,0,-31980,10,0,0,599,599,599,599,599,599,55.0,65.0,81.0,100.0,120.0,150.0*5F
2014-08-20 00:52:40.71,$W5M5A,140820,004925,960a003644c08bc4,11,24.60,455.00,99.9,4,0,25.6,27.77,18.7,22.69,2,0,0,0.0,0,0,9,0,5,0,1,5,11,10,0,0,closed - active,,open - high temperature,0.0,open - low pressure,100,0,226.7,226.7*63
2014-08-20 00:52:40.71,$W5M5A,140820,005015,960a003644c08bc4,3,12.42,12.60,33.04,35.78,1408487099,1408487100,116,72,12,154,52,207,13,1,0,7370,13960,AW=2.73 MW=297ms C1=152912 C2=26 C3=16 C4=0 FE=0 LE=0,1,0,0,80000,AW=8.13 MW=57ms C1=8 C2=0 C3=0 C4=0 FE=0 LE=0,68,0,0,0,1262.79*75
2014-08-20 00:52:40.76,$W5M5A,140820,005020,960a003644c08bc4,4,27.79,27.69,-13347.9,-561.6*6C
2014-08-20 00:52:40.76,$W5M5A,140820,005030,960a003644c08bc4,12,-56.1,-51.1,-1358.9,-1.9,-1.1,-37.9*50
2014-08-20 00:52:40.77,$W5M5A,140820,005025,960a003644c08bc4,11,24.60,455.00,99.9,4,0,25.6,27.80,18.5,22.69,2,0,0,0.0,0,0,9,0,5,0,1,5,11,10,0,0,closed - active,,open - high temperature,0.0,open - low pressure,100,0,226.7,226.7*61
2014-08-20 00:52:40.77,$W5M5A,140820,005032,960a003644c08bc4,13,-30.8,-28.2,-500.0,-110.4,-97.5,-2540.5*58
2014-08-20 00:52:40.77,$W5M5A,140820,005034,960a003644c08bc4,14,-84.4,-49.7,-2408.8,-54.5,-50.2,-1269.6*5B
2014-08-20 00:52:40.79,$W5M5A,140820,005036,960a003644c08bc4,15,-248.0,-242.5,-5807.9,,,0.3*47
2014-08-20 00:52:40.81,$W5M5A,140820,005038,960a003644c08bc4,16,0.4,0.5,200.2,45.6,0,30.0,1*5E
2014-08-20 00:52:40.82,$W5M5A,140820,005125,960a003644c08bc4,11,24.60,455.00,99.9,4,0,25.6,27.82,18.4,22.69,2,0,0,0.0,0,0,9,0,5,0,1,5,11,10,0,0,closed - active,,open - high temperature,0.0,open - low pressure,100,0,226.7,226.7*63
2014-08-20 00:52:40.82,$W5M5A,140819,234010,960a003644c08bc4,2,2.4,2.5,2.6,2.5,2.4,2.0,53.8,61.0,65.6,69.5,74.8,82.1,3.0,3.3,3.7,4.1,4.1,2.5,0.2,-0.1,-0.2,-0.2,0.0,0.8,0.4,0.5,0.6,0.7,0.6,0.3,596,1,0,-31980,10,0,0,595,595,595,595,595,575,55.0,65.0,81.0,100.0,120.0,150.0*74
2014-08-20 01:02:41.03,$W5M5A,140820,005025,960a003644c08bc4,11,24.60,455.00,99.9,4,0,25.6,27.80,18.5,22.69,2,0,0,0.0,0,0,9,0,5,0,1,5,11,10,0,0,closed - active,,open - high temperature,0.0,open - low pressure,100,0,226.7,226.7*61
2014-08-20 01:02:41.06,$W5M5A,140820,005020,960a003644c08bc4,4,27.79,27.69,-13347.9,-561.6*6C
2014-08-20 01:02:41.09,$W5M5A,140820,005032,960a003644c08bc4,13,-30.8,-28.2,-500.0,-110.4,-97.5,-2540.5*58
2014-08-20 01:02:41.09,$W5M5A,140820,005030,960a003644c08bc4,12,-56.1,-51.1,-1358.9,-1.9,-1.1,-37.9*50
2014-08-20 01:02:41.10,$W5M5A,140820,005225,960a003644c08bc4,11,24.60,455.00,99.9,4,0,25.6,27.84,18.6,22.69,2,0,0,0.0,0,0,9,0,5,0,1,5,11,10,0,0,closed - active,,open - high temperature,0.0,open - low pressure,100,0,226.7,226.7*64
2014-08-20 01:02:41.12,$W5M5A,140820,005038,960a003644c08bc4,16,0.4,0.5,200.2,45.6,0,30.0,1*5E
2014-08-20 01:02:41.12,$W5M5A,140820,005036,960a003644c08bc4,15,-248.0,-242.5,-5807.9,,,0.3*47
2014-08-20 01:02:41.14,$W5M5A,140820,005034,960a003644c08bc4,14,-84.4,-49.7,-2408.8,-54.5,-50.2,-1269.6*5B
2014-08-20 01:02:41.15,$W5M5A,140820,005015,960a003644c08bc4,3,12.42,12.60,33.04,35.78,1408487099,1408487100,116,72,12,154,52,207,13,1,0,7370,13960,AW=2.73 MW=297ms C1=152912 C2=26 C3=16 C4=0 FE=0 LE=0,1,0,0,80000,AW=8.13 MW=57ms C1=8 C2=0 C3=0 C4=0 FE=0 LE=0,68,0,0,0,1262.79*75
2014-08-20 01:02:41.15,$W5M5A,140820,005125,960a003644c08bc4,11,24.60,455.00,99.9,4,0,25.6,27.82,18.4,22.69,2,0,0,0.0,0,0,9,0,5,0,1,5,11,10,0,0,closed - active,,open - high temperature,0.0,open - low pressure,100,0,226.7,226.7*63
2014-08-20 01:02:41.17,$W5M5A,140820,005425,960a003644c08bc4,11,24.60,455.00,99.9,4,0,25.6,27.89,18.7,22.69,2,0,0,0.0,0,0,9,0,5,0,1,5,11,10,0,0,closed - active,,open - high temperature,0.0,open - low pressure,100,0,226.7,226.7*6E
2014-08-20 01:02:41.17,$W5M5A,140820,005325,960a003644c08bc4,11,24.60,455.00,99.9,4,0,25.6,27.85,18.6,22.69,2,0,0,0.0,0,0,9,0,5,0,1,5,11,10,0,0,closed - active,,open - high temperature,0.0,open - low pressure,100,0,226.7,226.7*64
2014-08-20 01:02:41.18,$W5M5A,140820,005525,960a003644c08bc4,11,24.60,455.00,99.9,4,0,25.6,27.93,18.7,22.69,2,0,0,0.0,0,0,9,0,5,0,1,5,11,10,0,0,closed - active,,open - high temperature,0.0,open - low pressure,100,0,226.7,226.7*64
2014-08-20 01:02:41.18,$W5M5A,140820,005625,960a003644c08bc4,11,24.60,455.00,100.0,4,0,25.6,27.96,18.6,22.69,2,0,0,0.0,0,0,9,0,5,0,1,5,11,10,0,0,closed - active,,open - high temperature,0.0,open - low pressure,100,0,226.7,226.7*5B
2014-08-20 01:02:41.20,$W5M5A,140820,005725,960a003644c08bc4,11,24.60,455.00,100.0,4,0,25.6,27.98,18.2,22.69,2,0,0,0.0,0,0,9,0,5,0,1,5,11,10,0,0,closed - active,,open - high temperature,0.0,open - low pressure,100,0,226.7,226.7*50
2014-08-20 01:02:41.20,$W5M5A,140820,005825,960a003644c08bc4,11,24.60,455.00,100.0,6,0,25.6,28.04,18.3,22.69,2,0,0,0.0,0,0,9,0,5,0,1,5,11,10,0,0,closed - active,,open - high temperature,0.0,open - low pressure,100,0,226.7,226.7*56
2014-08-20 01:02:41.21,$W5M5A,140820,010005,960a003644c08bc4,1,4839.2690N,12324.9470W,1006.03,21.0,65.0,14.2,0.8,1.9,52,0.5,1.2,-23.2601,-1.037516,-1.67943,3.5,3.5,3.5,3.5*46
2014-08-20 01:02:41.21,$W5M5A,140820,010010,960a003644c08bc4,2,1.5,1.6,1.8,1.9,1.8,1.8,64.1,69.7,73.4,78.3,79.5,89.4,2.0,2.0,2.2,2.4,2.2,2.4,0.4,0.2,0.1,0.0,0.1,0.9,0.2,0.2,0.2,0.2,0.2,0.3,600,0,0,-31980,10,0,0,600,600,600,600,600,600,55.0,65.0,81.0,100.0,120.0,150.0*5F
2014-08-20 01:02:41.23,$W5M5A,140820,005925,960a003644c08bc4,11,24.60,455.00,100.0,6,0,25.6,28.08,18.9,22.69,2,0,0,0.0,0,0,9,0,5,0,1,5,11,10,0,0,closed - active,,open - high temperature,0.0,open - low pressure,100,0,226.7,226.7*51
2014-08-20 01:02:41.25,$W5M5A,140820,010015,960a003644c08bc4,3,12.34,12.60,33.04,35.78,1408487099,1408487100,116,72,11,146,52,207,13,1,0,7234,13960,AW=2.75 MW=297ms C1=157067 C2=26 C3=19 C4=0 FE=0 LE=0,1,0,0,80000,AW=8.13 MW=57ms C1=8 C2=0 C3=0 C4=0 FE=0 LE=0,68,0,0,0,1261.40*7F
2014-08-20 01:02:41.26,$W5M5A,140820,010020,960a003644c08bc4,4,28.04,27.88,-13390.5,-560.0*63
2014-08-20 01:02:41.26,$W5M5A,140820,010030,960a003644c08bc4,12,-56.4,-52.9,-1360.9,-1.9,-1.3,-38.0*55
2014-08-20 01:02:41.28,$W5M5A,140820,010032,960a003644c08bc4,13,-31.0,-28.7,-524.5,-111.0,-101.5,-2550.7*6B
2014-08-20 01:02:41.28,$W5M5A,140820,010025,960a003644c08bc4,11,24.60,455.00,100.0,6,0,25.7,28.09,18.8,22.69,2,0,0,0.0,0,0,9,0,5,0,1,5,11,10,0,0,closed - active,,open - high temperature,0.0,open - low pressure,100,0,226.7,226.7*5D
2014-08-20 01:02:41.29,$W5M5A,140820,010034,960a003644c08bc4,14,-81.6,-51.6,-2408.4,-54.1,-51.1,-1273.5*52
2014-08-20 01:02:41.31,$W5M5A,140820,010036,960a003644c08bc4,15,-247.8,-243.0,-5811.6,,,0.3*48
2014-08-20 01:02:41.32,$W5M5A,140820,010038,960a003644c08bc4,16,0.4,0.5,177.7,45.6,0,30.0,1*5C
2014-08-20 01:02:41.32,$W5M5A,140820,010125,960a003644c08bc4,11,24.60,460.00,100.0,6,0,25.6,28.12,18.4,22.69,2,0,0,0.0,0,0,9,0,5,0,1,5,11,10,0,0,closed - active,,open - high temperature,0.0,open - low pressure,100,0,226.7,226.7*5D
2014-08-20 01:02:41.32,$W5M5A,140819,235010,960a003644c08bc4,2,1.7,1.7,1.7,1.7,1.8,1.9,61.1,69.8,70.6,71.5,75.4,79.6,2.5,2.6,2.6,2.6,2.8,2.6,0.3,0.1,0.0,0.0,0.1,0.8,0.4,0.4,0.4,0.5,0.4,0.3,586,2,0,-31980,10,0,0,584,584,584,584,584,584,55.0,65.0,81.0,100.0,120.0,150.0*56
